
*** Running vivado
    with args -log embsys_clk_wiz_1_0.vds -m64 -product Vivado -mode batch -messageDb vivado.pb -notrace -source embsys_clk_wiz_1_0.tcl



****** Vivado v2022.2 (64-bit)
  **** SW Build 3671981 on Fri Oct 14 05:00:03 MDT 2022
  **** IP Build 3669848 on Fri Oct 14 08:30:02 MDT 2022
    ** Copyright 1986-2022 Xilinx, Inc. All Rights Reserved.

Sourcing tcl script 'E:/Xilinx/Vivado/2022.2/scripts/Vivado_init.tcl'
source embsys_clk_wiz_1_0.tcl -notrace
create_project: Time (s): cpu = 00:00:07 ; elapsed = 00:00:09 . Memory (MB): peak = 1002.301 ; gain = 118.211
INFO: [IP_Flow 19-234] Refreshing IP repositories
INFO: [IP_Flow 19-1700] Loaded user IP repository 'd:/PSU/Winter_2024/544/P1/IP/ece544ip_w24'.
INFO: [IP_Flow 19-1700] Loaded user IP repository 'd:/PSU/Winter_2024/544/P2/ClosedLoopPID-MicroBlazeAXI-FreeRTOS/Robert/Proj2_rel'.
INFO: [IP_Flow 19-2313] Loaded Vivado IP repository 'E:/Xilinx/Vivado/2022.2/data/ip'.
WARNING: [IP_Flow 19-4995] The host OS only allows 260 characters in a normal path. The IP cache path is more than 80 characters. If you experience issues with IP caching, please consider changing the IP cache to a location with a shorter path. Alternately consider using the OS subst command to map part of the path to a drive letter. 
Current IP cache path is d:/PSU/Winter_2024/544/P2/ClosedLoopPID-MicroBlazeAXI-FreeRTOS/Robert/project_2/project_2.cache/ip 
INFO: [IP_Flow 19-6924] IPCACHE: Running cache check for IP inst: embsys_clk_wiz_1_0
Command: synth_design -top embsys_clk_wiz_1_0 -part xc7s50csga324-1 -incremental_mode off -mode out_of_context
Starting synth_design
Attempting to get a license for feature 'Synthesis' and/or device 'xc7s50'
INFO: [Common 17-349] Got license for feature 'Synthesis' and/or device 'xc7s50'
INFO: [Device 21-403] Loading part xc7s50csga324-1
INFO: [Synth 8-7079] Multithreading enabled for synth_design using a maximum of 4 processes.
INFO: [Synth 8-7078] Launching helper process for spawning children vivado processes
INFO: [Synth 8-7075] Helper process launched with PID 138596
INFO: [Synth 8-11241] undeclared symbol 'REGCCE', assumed default net type 'wire' [E:/Xilinx/Vivado/2022.2/data/verilog/src/unimacro/BRAM_SINGLE_MACRO.v:2170]
---------------------------------------------------------------------------------
Starting RTL Elaboration : Time (s): cpu = 00:00:07 ; elapsed = 00:00:12 . Memory (MB): peak = 1815.863 ; gain = 406.469
---------------------------------------------------------------------------------
INFO: [Synth 8-6157] synthesizing module 'embsys_clk_wiz_1_0' [d:/PSU/Winter_2024/544/P2/ClosedLoopPID-MicroBlazeAXI-FreeRTOS/Robert/project_2/project_2.gen/sources_1/bd/embsys/ip/embsys_clk_wiz_1_0/embsys_clk_wiz_1_0.v:68]
INFO: [Synth 8-6157] synthesizing module 'embsys_clk_wiz_1_0_clk_wiz' [d:/PSU/Winter_2024/544/P2/ClosedLoopPID-MicroBlazeAXI-FreeRTOS/Robert/project_2/project_2.gen/sources_1/bd/embsys/ip/embsys_clk_wiz_1_0/embsys_clk_wiz_1_0_clk_wiz.v:68]
INFO: [Synth 8-6157] synthesizing module 'IBUF' [E:/Xilinx/Vivado/2022.2/scripts/rt/data/unisim_comp.v:71326]
INFO: [Synth 8-6155] done synthesizing module 'IBUF' (0#1) [E:/Xilinx/Vivado/2022.2/scripts/rt/data/unisim_comp.v:71326]
INFO: [Synth 8-6157] synthesizing module 'MMCME2_ADV' [E:/Xilinx/Vivado/2022.2/scripts/rt/data/unisim_comp.v:79852]
	Parameter BANDWIDTH bound to: OPTIMIZED - type: string 
	Parameter CLKFBOUT_MULT_F bound to: 10.000000 - type: double 
	Parameter CLKFBOUT_PHASE bound to: 0.000000 - type: double 
	Parameter CLKFBOUT_USE_FINE_PS bound to: FALSE - type: string 
	Parameter CLKIN1_PERIOD bound to: 10.000000 - type: double 
	Parameter CLKOUT0_DIVIDE_F bound to: 10.000000 - type: double 
	Parameter CLKOUT0_DUTY_CYCLE bound to: 0.500000 - type: double 
	Parameter CLKOUT0_PHASE bound to: 0.000000 - type: double 
	Parameter CLKOUT0_USE_FINE_PS bound to: FALSE - type: string 
	Parameter CLKOUT4_CASCADE bound to: FALSE - type: string 
	Parameter COMPENSATION bound to: ZHOLD - type: string 
	Parameter DIVCLK_DIVIDE bound to: 1 - type: integer 
	Parameter STARTUP_WAIT bound to: FALSE - type: string 
INFO: [Synth 8-6155] done synthesizing module 'MMCME2_ADV' (0#1) [E:/Xilinx/Vivado/2022.2/scripts/rt/data/unisim_comp.v:79852]
INFO: [Synth 8-6157] synthesizing module 'BUFG' [E:/Xilinx/Vivado/2022.2/scripts/rt/data/unisim_comp.v:1082]
INFO: [Synth 8-6155] done synthesizing module 'BUFG' (0#1) [E:/Xilinx/Vivado/2022.2/scripts/rt/data/unisim_comp.v:1082]
INFO: [Synth 8-6155] done synthesizing module 'embsys_clk_wiz_1_0_clk_wiz' (0#1) [d:/PSU/Winter_2024/544/P2/ClosedLoopPID-MicroBlazeAXI-FreeRTOS/Robert/project_2/project_2.gen/sources_1/bd/embsys/ip/embsys_clk_wiz_1_0/embsys_clk_wiz_1_0_clk_wiz.v:68]
INFO: [Synth 8-6155] done synthesizing module 'embsys_clk_wiz_1_0' (0#1) [d:/PSU/Winter_2024/544/P2/ClosedLoopPID-MicroBlazeAXI-FreeRTOS/Robert/project_2/project_2.gen/sources_1/bd/embsys/ip/embsys_clk_wiz_1_0/embsys_clk_wiz_1_0.v:68]
---------------------------------------------------------------------------------
Finished RTL Elaboration : Time (s): cpu = 00:00:09 ; elapsed = 00:00:16 . Memory (MB): peak = 1906.965 ; gain = 497.570
---------------------------------------------------------------------------------
---------------------------------------------------------------------------------
Start Handling Custom Attributes
---------------------------------------------------------------------------------
---------------------------------------------------------------------------------
Finished Handling Custom Attributes : Time (s): cpu = 00:00:10 ; elapsed = 00:00:16 . Memory (MB): peak = 1906.965 ; gain = 497.570
---------------------------------------------------------------------------------
---------------------------------------------------------------------------------
Finished RTL Optimization Phase 1 : Time (s): cpu = 00:00:10 ; elapsed = 00:00:16 . Memory (MB): peak = 1906.965 ; gain = 497.570
---------------------------------------------------------------------------------
Netlist sorting complete. Time (s): cpu = 00:00:00 ; elapsed = 00:00:00.004 . Memory (MB): peak = 1906.965 ; gain = 0.000
INFO: [Netlist 29-17] Analyzing 1 Unisim elements for replacement
INFO: [Netlist 29-28] Unisim Transformation completed in 0 CPU seconds
INFO: [Project 1-570] Preparing netlist for logic optimization

Processing XDC Constraints
Initializing timing engine
Parsing XDC File [d:/PSU/Winter_2024/544/P2/ClosedLoopPID-MicroBlazeAXI-FreeRTOS/Robert/project_2/project_2.gen/sources_1/bd/embsys/ip/embsys_clk_wiz_1_0/embsys_clk_wiz_1_0_ooc.xdc] for cell 'inst'
Finished Parsing XDC File [d:/PSU/Winter_2024/544/P2/ClosedLoopPID-MicroBlazeAXI-FreeRTOS/Robert/project_2/project_2.gen/sources_1/bd/embsys/ip/embsys_clk_wiz_1_0/embsys_clk_wiz_1_0_ooc.xdc] for cell 'inst'
Parsing XDC File [d:/PSU/Winter_2024/544/P2/ClosedLoopPID-MicroBlazeAXI-FreeRTOS/Robert/project_2/project_2.gen/sources_1/bd/embsys/ip/embsys_clk_wiz_1_0/embsys_clk_wiz_1_0_board.xdc] for cell 'inst'
Finished Parsing XDC File [d:/PSU/Winter_2024/544/P2/ClosedLoopPID-MicroBlazeAXI-FreeRTOS/Robert/project_2/project_2.gen/sources_1/bd/embsys/ip/embsys_clk_wiz_1_0/embsys_clk_wiz_1_0_board.xdc] for cell 'inst'
Parsing XDC File [d:/PSU/Winter_2024/544/P2/ClosedLoopPID-MicroBlazeAXI-FreeRTOS/Robert/project_2/project_2.gen/sources_1/bd/embsys/ip/embsys_clk_wiz_1_0/embsys_clk_wiz_1_0.xdc] for cell 'inst'
Finished Parsing XDC File [d:/PSU/Winter_2024/544/P2/ClosedLoopPID-MicroBlazeAXI-FreeRTOS/Robert/project_2/project_2.gen/sources_1/bd/embsys/ip/embsys_clk_wiz_1_0/embsys_clk_wiz_1_0.xdc] for cell 'inst'
INFO: [Project 1-236] Implementation specific constraints were found while reading constraint file [d:/PSU/Winter_2024/544/P2/ClosedLoopPID-MicroBlazeAXI-FreeRTOS/Robert/project_2/project_2.gen/sources_1/bd/embsys/ip/embsys_clk_wiz_1_0/embsys_clk_wiz_1_0.xdc]. These constraints will be ignored for synthesis but will be used in implementation. Impacted constraints are listed in the file [.Xil/embsys_clk_wiz_1_0_propImpl.xdc].
Resolution: To avoid this warning, move constraints listed in [.Xil/embsys_clk_wiz_1_0_propImpl.xdc] to another XDC file and exclude this new file from synthesis with the used_in_synthesis property (File Properties dialog in GUI) and re-run elaboration/synthesis.
INFO: [Timing 38-2] Deriving generated clocks
Parsing XDC File [D:/PSU/Winter_2024/544/P2/ClosedLoopPID-MicroBlazeAXI-FreeRTOS/Robert/project_2/project_2.runs/embsys_clk_wiz_1_0_synth_1/dont_touch.xdc]
Finished Parsing XDC File [D:/PSU/Winter_2024/544/P2/ClosedLoopPID-MicroBlazeAXI-FreeRTOS/Robert/project_2/project_2.runs/embsys_clk_wiz_1_0_synth_1/dont_touch.xdc]
Completed Processing XDC Constraints

Netlist sorting complete. Time (s): cpu = 00:00:00 ; elapsed = 00:00:00 . Memory (MB): peak = 1906.965 ; gain = 0.000
INFO: [Project 1-111] Unisim Transformation Summary:
No Unisim elements were transformed.

Constraint Validation Runtime : Time (s): cpu = 00:00:00 ; elapsed = 00:00:00.048 . Memory (MB): peak = 1906.965 ; gain = 0.000
INFO: [Designutils 20-5008] Incremental synthesis strategy off
INFO: [Synth 8-11241] undeclared symbol 'REGCCE', assumed default net type 'wire' [E:/Xilinx/Vivado/2022.2/data/verilog/src/unimacro/BRAM_SINGLE_MACRO.v:2170]
---------------------------------------------------------------------------------
Finished Constraint Validation : Time (s): cpu = 00:00:23 ; elapsed = 00:00:40 . Memory (MB): peak = 1906.965 ; gain = 497.570
---------------------------------------------------------------------------------
---------------------------------------------------------------------------------
Start Loading Part and Timing Information
---------------------------------------------------------------------------------
Loading part: xc7s50csga324-1
---------------------------------------------------------------------------------
Finished Loading Part and Timing Information : Time (s): cpu = 00:00:23 ; elapsed = 00:00:40 . Memory (MB): peak = 1906.965 ; gain = 497.570
---------------------------------------------------------------------------------
---------------------------------------------------------------------------------
Start Applying 'set_property' XDC Constraints
---------------------------------------------------------------------------------
Applied set_property KEEP_HIERARCHY = SOFT for inst. (constraint file  D:/PSU/Winter_2024/544/P2/ClosedLoopPID-MicroBlazeAXI-FreeRTOS/Robert/project_2/project_2.runs/embsys_clk_wiz_1_0_synth_1/dont_touch.xdc, line 9).
---------------------------------------------------------------------------------
Finished applying 'set_property' XDC Constraints : Time (s): cpu = 00:00:23 ; elapsed = 00:00:40 . Memory (MB): peak = 1906.965 ; gain = 497.570
---------------------------------------------------------------------------------
---------------------------------------------------------------------------------
Finished RTL Optimization Phase 2 : Time (s): cpu = 00:00:23 ; elapsed = 00:00:40 . Memory (MB): peak = 1906.965 ; gain = 497.570
---------------------------------------------------------------------------------
---------------------------------------------------------------------------------
Start RTL Component Statistics 
---------------------------------------------------------------------------------
Detailed RTL Component Info : 
---------------------------------------------------------------------------------
Finished RTL Component Statistics 
---------------------------------------------------------------------------------
---------------------------------------------------------------------------------
Start Part Resource Summary
---------------------------------------------------------------------------------
Part Resources:
DSPs: 120 (col length:60)
BRAMs: 150 (col length: RAMB18 60 RAMB36 30)
---------------------------------------------------------------------------------
Finished Part Resource Summary
---------------------------------------------------------------------------------
---------------------------------------------------------------------------------
Start Cross Boundary and Area Optimization
---------------------------------------------------------------------------------
WARNING: [Synth 8-7080] Parallel synthesis criteria is not met
---------------------------------------------------------------------------------
Finished Cross Boundary and Area Optimization : Time (s): cpu = 00:00:26 ; elapsed = 00:00:44 . Memory (MB): peak = 1906.965 ; gain = 497.570
---------------------------------------------------------------------------------
---------------------------------------------------------------------------------
Start Applying XDC Timing Constraints
---------------------------------------------------------------------------------
---------------------------------------------------------------------------------
Finished Applying XDC Timing Constraints : Time (s): cpu = 00:00:33 ; elapsed = 00:00:54 . Memory (MB): peak = 1906.965 ; gain = 497.570
---------------------------------------------------------------------------------
---------------------------------------------------------------------------------
Start Timing Optimization
---------------------------------------------------------------------------------
---------------------------------------------------------------------------------
Finished Timing Optimization : Time (s): cpu = 00:00:33 ; elapsed = 00:00:54 . Memory (MB): peak = 1906.965 ; gain = 497.570
---------------------------------------------------------------------------------
---------------------------------------------------------------------------------
Start Technology Mapping
---------------------------------------------------------------------------------
---------------------------------------------------------------------------------
Finished Technology Mapping : Time (s): cpu = 00:00:33 ; elapsed = 00:00:54 . Memory (MB): peak = 1906.965 ; gain = 497.570
---------------------------------------------------------------------------------
---------------------------------------------------------------------------------
Start IO Insertion
---------------------------------------------------------------------------------
---------------------------------------------------------------------------------
Start Flattening Before IO Insertion
---------------------------------------------------------------------------------
---------------------------------------------------------------------------------
Finished Flattening Before IO Insertion
---------------------------------------------------------------------------------
---------------------------------------------------------------------------------
Start Final Netlist Cleanup
---------------------------------------------------------------------------------
---------------------------------------------------------------------------------
Finished Final Netlist Cleanup
---------------------------------------------------------------------------------
---------------------------------------------------------------------------------
Finished IO Insertion : Time (s): cpu = 00:00:40 ; elapsed = 00:01:03 . Memory (MB): peak = 1910.578 ; gain = 501.184
---------------------------------------------------------------------------------
---------------------------------------------------------------------------------
Start Renaming Generated Instances
---------------------------------------------------------------------------------
---------------------------------------------------------------------------------
Finished Renaming Generated Instances : Time (s): cpu = 00:00:40 ; elapsed = 00:01:03 . Memory (MB): peak = 1910.578 ; gain = 501.184
---------------------------------------------------------------------------------
---------------------------------------------------------------------------------
Start Rebuilding User Hierarchy
---------------------------------------------------------------------------------
---------------------------------------------------------------------------------
Finished Rebuilding User Hierarchy : Time (s): cpu = 00:00:40 ; elapsed = 00:01:03 . Memory (MB): peak = 1910.578 ; gain = 501.184
---------------------------------------------------------------------------------
---------------------------------------------------------------------------------
Start Renaming Generated Ports
---------------------------------------------------------------------------------
---------------------------------------------------------------------------------
Finished Renaming Generated Ports : Time (s): cpu = 00:00:40 ; elapsed = 00:01:03 . Memory (MB): peak = 1910.578 ; gain = 501.184
---------------------------------------------------------------------------------
---------------------------------------------------------------------------------
Start Handling Custom Attributes
---------------------------------------------------------------------------------
---------------------------------------------------------------------------------
Finished Handling Custom Attributes : Time (s): cpu = 00:00:40 ; elapsed = 00:01:03 . Memory (MB): peak = 1910.578 ; gain = 501.184
---------------------------------------------------------------------------------
---------------------------------------------------------------------------------
Start Renaming Generated Nets
---------------------------------------------------------------------------------
---------------------------------------------------------------------------------
Finished Renaming Generated Nets : Time (s): cpu = 00:00:40 ; elapsed = 00:01:03 . Memory (MB): peak = 1910.578 ; gain = 501.184
---------------------------------------------------------------------------------
---------------------------------------------------------------------------------
Start Writing Synthesis Report
---------------------------------------------------------------------------------

Report BlackBoxes: 
+-+--------------+----------+
| |BlackBox name |Instances |
+-+--------------+----------+
+-+--------------+----------+

Report Cell Usage: 
+------+-----------+------+
|      |Cell       |Count |
+------+-----------+------+
|1     |BUFG       |     2|
|2     |LUT1       |     1|
|3     |MMCME2_ADV |     1|
|4     |IBUF       |     1|
+------+-----------+------+
---------------------------------------------------------------------------------
Finished Writing Synthesis Report : Time (s): cpu = 00:00:40 ; elapsed = 00:01:03 . Memory (MB): peak = 1910.578 ; gain = 501.184
---------------------------------------------------------------------------------
Synthesis finished with 0 errors, 0 critical warnings and 1 warnings.
Synthesis Optimization Runtime : Time (s): cpu = 00:00:29 ; elapsed = 00:00:57 . Memory (MB): peak = 1910.578 ; gain = 501.184
Synthesis Optimization Complete : Time (s): cpu = 00:00:41 ; elapsed = 00:01:03 . Memory (MB): peak = 1910.578 ; gain = 501.184
INFO: [Project 1-571] Translating synthesized netlist
Netlist sorting complete. Time (s): cpu = 00:00:00 ; elapsed = 00:00:00 . Memory (MB): peak = 1910.578 ; gain = 0.000
INFO: [Netlist 29-17] Analyzing 1 Unisim elements for replacement
INFO: [Netlist 29-28] Unisim Transformation completed in 0 CPU seconds
INFO: [Project 1-570] Preparing netlist for logic optimization
INFO: [Opt 31-138] Pushed 0 inverter(s) to 0 load pin(s).
Netlist sorting complete. Time (s): cpu = 00:00:00 ; elapsed = 00:00:00 . Memory (MB): peak = 1932.215 ; gain = 0.000
INFO: [Project 1-111] Unisim Transformation Summary:
No Unisim elements were transformed.

Synth Design complete, checksum: 9317481d
INFO: [Common 17-83] Releasing license: Synthesis
36 Infos, 2 Warnings, 0 Critical Warnings and 0 Errors encountered.
synth_design completed successfully
synth_design: Time (s): cpu = 00:00:46 ; elapsed = 00:01:13 . Memory (MB): peak = 1932.215 ; gain = 897.926
INFO: [Common 17-600] The following parameters have non-default value.
general.maxThreads
INFO: [Common 17-1381] The checkpoint 'D:/PSU/Winter_2024/544/P2/ClosedLoopPID-MicroBlazeAXI-FreeRTOS/Robert/project_2/project_2.runs/embsys_clk_wiz_1_0_synth_1/embsys_clk_wiz_1_0.dcp' has been generated.
INFO: [Coretcl 2-1648] Added synthesis output to IP cache for IP embsys_clk_wiz_1_0, cache-ID = c626e4e9d711e4f5
INFO: [Common 17-1381] The checkpoint 'D:/PSU/Winter_2024/544/P2/ClosedLoopPID-MicroBlazeAXI-FreeRTOS/Robert/project_2/project_2.runs/embsys_clk_wiz_1_0_synth_1/embsys_clk_wiz_1_0.dcp' has been generated.
INFO: [runtcl-4] Executing : report_utilization -file embsys_clk_wiz_1_0_utilization_synth.rpt -pb embsys_clk_wiz_1_0_utilization_synth.pb
INFO: [Common 17-206] Exiting Vivado at Thu Feb 22 12:55:00 2024...
