Copyright 1986-2022 Xilinx, Inc. All Rights Reserved.
-------------------------------------------------------------------------------------------------------------------------------------------------------
| Tool Version     : Vivado v.2022.2 (win64) Build 3671981 Fri Oct 14 05:00:03 MDT 2022
| Date             : Thu Feb 22 17:38:29 2024
| Host             : DESKTOP-T2LGR09 running 64-bit major release  (build 9200)
| Command          : report_power -file booleanfpga_power_routed.rpt -pb booleanfpga_power_summary_routed.pb -rpx booleanfpga_power_routed.rpx
| Design           : booleanfpga
| Device           : xc7s50csga324-1
| Design State     : routed
| Grade            : commercial
| Process          : typical
| Characterization : Production
-------------------------------------------------------------------------------------------------------------------------------------------------------

Power Report

Table of Contents
-----------------
1. Summary
1.1 On-Chip Components
1.2 Power Supply Summary
1.3 Confidence Level
2. Settings
2.1 Environment
2.2 Clock Constraints
3. Detailed Reports
3.1 By Hierarchy

1. Summary
----------

+--------------------------+--------------+
| Total On-Chip Power (W)  | 0.274        |
| Design Power Budget (W)  | Unspecified* |
| Power Budget Margin (W)  | NA           |
| Dynamic (W)              | 0.200        |
| Device Static (W)        | 0.074        |
| Effective TJA (C/W)      | 4.9          |
| Max Ambient (C)          | 83.6         |
| Junction Temperature (C) | 26.4         |
| Confidence Level         | Low          |
| Setting File             | ---          |
| Simulation Activity File | ---          |
| Design Nets Matched      | NA           |
+--------------------------+--------------+
* Specify Design Power Budget using, set_operating_conditions -design_power_budget <value in Watts>


1.1 On-Chip Components
----------------------

+--------------------------+-----------+----------+-----------+-----------------+
| On-Chip                  | Power (W) | Used     | Available | Utilization (%) |
+--------------------------+-----------+----------+-----------+-----------------+
| Clocks                   |     0.022 |        9 |       --- |             --- |
| Slice Logic              |     0.009 |    11722 |       --- |             --- |
|   LUT as Logic           |     0.008 |     4217 |     32600 |           12.94 |
|   CARRY4                 |    <0.001 |      187 |      8150 |            2.29 |
|   Register               |    <0.001 |     4803 |     65200 |            7.37 |
|   LUT as Distributed RAM |    <0.001 |       96 |      9600 |            1.00 |
|   F7/F8 Muxes            |    <0.001 |      227 |     32600 |            0.70 |
|   LUT as Shift Register  |    <0.001 |      229 |      9600 |            2.39 |
|   Others                 |    <0.001 |      874 |       --- |             --- |
| Signals                  |     0.018 |     8348 |       --- |             --- |
| Block RAM                |     0.042 |       38 |        75 |           50.67 |
| MMCM                     |     0.106 |        1 |         5 |           20.00 |
| DSPs                     |     0.002 |        3 |       120 |            2.50 |
| I/O                      |    <0.001 |       71 |       210 |           33.81 |
| Static Power             |     0.074 |          |           |                 |
| Total                    |     0.274 |          |           |                 |
+--------------------------+-----------+----------+-----------+-----------------+


1.2 Power Supply Summary
------------------------

+-----------+-------------+-----------+-------------+------------+-------------+-------------+------------+
| Source    | Voltage (V) | Total (A) | Dynamic (A) | Static (A) | Powerup (A) | Budget (A)  | Margin (A) |
+-----------+-------------+-----------+-------------+------------+-------------+-------------+------------+
| Vccint    |       1.000 |     0.102 |       0.091 |      0.011 |       NA    | Unspecified | NA         |
| Vccaux    |       1.800 |     0.071 |       0.059 |      0.013 |       NA    | Unspecified | NA         |
| Vcco33    |       3.300 |     0.001 |       0.000 |      0.001 |       NA    | Unspecified | NA         |
| Vcco25    |       2.500 |     0.000 |       0.000 |      0.000 |       NA    | Unspecified | NA         |
| Vcco18    |       1.800 |     0.000 |       0.000 |      0.000 |       NA    | Unspecified | NA         |
| Vcco15    |       1.500 |     0.000 |       0.000 |      0.000 |       NA    | Unspecified | NA         |
| Vcco135   |       1.350 |     0.000 |       0.000 |      0.000 |       NA    | Unspecified | NA         |
| Vcco12    |       1.200 |     0.000 |       0.000 |      0.000 |       NA    | Unspecified | NA         |
| Vccaux_io |       1.800 |     0.000 |       0.000 |      0.000 |       NA    | Unspecified | NA         |
| Vccbram   |       1.000 |     0.004 |       0.003 |      0.001 |       NA    | Unspecified | NA         |
| Vccadc    |       1.800 |     0.020 |       0.000 |      0.020 |       NA    | Unspecified | NA         |
+-----------+-------------+-----------+-------------+------------+-------------+-------------+------------+


1.3 Confidence Level
--------------------

+-----------------------------+------------+--------------------------------------------------------+------------------------------------------------------------------------------------------------------------+
| User Input Data             | Confidence | Details                                                | Action                                                                                                     |
+-----------------------------+------------+--------------------------------------------------------+------------------------------------------------------------------------------------------------------------+
| Design implementation state | High       | Design is routed                                       |                                                                                                            |
| Clock nodes activity        | High       | User specified more than 95% of clocks                 |                                                                                                            |
| I/O nodes activity          | Low        | More than 75% of inputs are missing user specification | Provide missing input activity with simulation results or by editing the "By Resource Type -> I/Os" view   |
| Internal nodes activity     | Medium     | User specified less than 25% of internal nodes         | Provide missing internal nodes activity with simulation results or by editing the "By Resource Type" views |
| Device models               | High       | Device models are Production                           |                                                                                                            |
|                             |            |                                                        |                                                                                                            |
| Overall confidence level    | Low        |                                                        |                                                                                                            |
+-----------------------------+------------+--------------------------------------------------------+------------------------------------------------------------------------------------------------------------+


2. Settings
-----------

2.1 Environment
---------------

+-----------------------+--------------------------+
| Ambient Temp (C)      | 25.0                     |
| ThetaJA (C/W)         | 4.9                      |
| Airflow (LFM)         | 250                      |
| Heat Sink             | medium (Medium Profile)  |
| ThetaSA (C/W)         | 4.6                      |
| Board Selection       | medium (10"x10")         |
| # of Board Layers     | 12to15 (12 to 15 Layers) |
| Board Temperature (C) | 25.0                     |
+-----------------------+--------------------------+


2.2 Clock Constraints
---------------------

+------------------------------------------------------------------------+-----------------------------------------------------+-----------------+
| Clock                                                                  | Domain                                              | Constraint (ns) |
+------------------------------------------------------------------------+-----------------------------------------------------+-----------------+
| clk_out1_embsys_clk_wiz_1_0                                            | embsys_i/clk_wiz_1/inst/clk_out1_embsys_clk_wiz_1_0 |            10.0 |
| clkfbout_embsys_clk_wiz_1_0                                            | embsys_i/clk_wiz_1/inst/clkfbout_embsys_clk_wiz_1_0 |            10.0 |
| embsys_i/clk_wiz_1/inst/clk_in1                                        | clk_IBUF                                            |            10.0 |
| embsys_i/mdm_1/U0/MDM_Core_I1/Use_Dbg_Reg_Access.DbgReg_DRCK_i_reg/Q   | embsys_i/mdm_1/U0/MDM_Core_I1/dbgreg_drck           |            40.0 |
| embsys_i/mdm_1/U0/MDM_Core_I1/Use_Dbg_Reg_Access.DbgReg_UPDATE_i_reg/Q | embsys_i/mdm_1/U0/MDM_Core_I1/dbgreg_update         |            80.0 |
| embsys_i/mdm_1/U0/Use_E2.BSCAN_I/Use_E2.BSCANE2_I/DRCK                 | embsys_i/mdm_1/U0/Use_E2.BSCAN_I/DRCK               |            33.3 |
| embsys_i/mdm_1/U0/Use_E2.BSCAN_I/Use_E2.BSCANE2_I/UPDATE               | embsys_i/mdm_1/U0/Use_E2.BSCAN_I/UPDATE             |            33.3 |
+------------------------------------------------------------------------+-----------------------------------------------------+-----------------+


3. Detailed Reports
-------------------

3.1 By Hierarchy
----------------

+-------------------------------+-----------+
| Name                          | Power (W) |
+-------------------------------+-----------+
| booleanfpga                   |     0.200 |
|   embsys_i                    |     0.199 |
|     axi_iic_0                 |     0.002 |
|       U0                      |     0.002 |
|     axi_timer_0               |     0.003 |
|       U0                      |     0.003 |
|     clk_wiz_1                 |     0.106 |
|       inst                    |     0.106 |
|     mdm_1                     |     0.003 |
|       U0                      |     0.003 |
|     microblaze_0              |     0.057 |
|       U0                      |     0.057 |
|     microblaze_0_axi_intc     |     0.001 |
|       U0                      |     0.001 |
|     microblaze_0_axi_periph   |     0.006 |
|       s01_couplers            |     0.003 |
|       s02_couplers            |     0.002 |
|       xbar                    |     0.002 |
|     microblaze_0_local_memory |     0.015 |
|       lmb_bram                |     0.015 |
|     nexys4io_0                |     0.004 |
|       inst                    |     0.004 |
+-------------------------------+-----------+


