
*** Running vivado
    with args -log embsys_nexys4io_0_0.vds -m64 -product Vivado -mode batch -messageDb vivado.pb -notrace -source embsys_nexys4io_0_0.tcl



****** Vivado v2022.2 (64-bit)
  **** SW Build 3671981 on Fri Oct 14 05:00:03 MDT 2022
  **** IP Build 3669848 on Fri Oct 14 08:30:02 MDT 2022
    ** Copyright 1986-2022 Xilinx, Inc. All Rights Reserved.

Sourcing tcl script 'E:/Xilinx/Vivado/2022.2/scripts/Vivado_init.tcl'
source embsys_nexys4io_0_0.tcl -notrace
create_project: Time (s): cpu = 00:00:06 ; elapsed = 00:00:14 . Memory (MB): peak = 1001.938 ; gain = 118.016
INFO: [IP_Flow 19-234] Refreshing IP repositories
INFO: [IP_Flow 19-1700] Loaded user IP repository 'd:/PSU/Winter_2024/544/P1/IP/ece544ip_w24'.
INFO: [IP_Flow 19-1700] Loaded user IP repository 'd:/PSU/Winter_2024/544/P2/ClosedLoopPID-MicroBlazeAXI-FreeRTOS/Robert/Proj2_rel'.
INFO: [IP_Flow 19-2313] Loaded Vivado IP repository 'E:/Xilinx/Vivado/2022.2/data/ip'.
WARNING: [IP_Flow 19-4995] The host OS only allows 260 characters in a normal path. The IP cache path is more than 80 characters. If you experience issues with IP caching, please consider changing the IP cache to a location with a shorter path. Alternately consider using the OS subst command to map part of the path to a drive letter. 
Current IP cache path is d:/PSU/Winter_2024/544/P2/ClosedLoopPID-MicroBlazeAXI-FreeRTOS/Robert/project_2/project_2.cache/ip 
INFO: [IP_Flow 19-6924] IPCACHE: Running cache check for IP inst: embsys_nexys4io_0_0
Command: synth_design -top embsys_nexys4io_0_0 -part xc7s50csga324-1 -incremental_mode off -mode out_of_context
Starting synth_design
Attempting to get a license for feature 'Synthesis' and/or device 'xc7s50'
INFO: [Common 17-349] Got license for feature 'Synthesis' and/or device 'xc7s50'
INFO: [Device 21-403] Loading part xc7s50csga324-1
INFO: [Synth 8-7079] Multithreading enabled for synth_design using a maximum of 4 processes.
INFO: [Synth 8-7078] Launching helper process for spawning children vivado processes
INFO: [Synth 8-7075] Helper process launched with PID 132636
INFO: [Synth 8-11241] undeclared symbol 'REGCCE', assumed default net type 'wire' [E:/Xilinx/Vivado/2022.2/data/verilog/src/unimacro/BRAM_SINGLE_MACRO.v:2170]
WARNING: [Synth 8-6901] identifier 'btnsw_in' is used before its declaration [d:/PSU/Winter_2024/544/P2/ClosedLoopPID-MicroBlazeAXI-FreeRTOS/Robert/project_2/project_2.gen/sources_1/bd/embsys/ipshared/f811/hdl/nexys4io_v3_0_S00_AXI.v:512]
---------------------------------------------------------------------------------
Starting RTL Elaboration : Time (s): cpu = 00:00:08 ; elapsed = 00:00:10 . Memory (MB): peak = 1816.316 ; gain = 406.809
---------------------------------------------------------------------------------
INFO: [Synth 8-6157] synthesizing module 'embsys_nexys4io_0_0' [d:/PSU/Winter_2024/544/P2/ClosedLoopPID-MicroBlazeAXI-FreeRTOS/Robert/project_2/project_2.gen/sources_1/bd/embsys/ip/embsys_nexys4io_0_0/synth/embsys_nexys4io_0_0.v:53]
INFO: [Synth 8-6157] synthesizing module 'nexys4io_v3_0' [d:/PSU/Winter_2024/544/P2/ClosedLoopPID-MicroBlazeAXI-FreeRTOS/Robert/project_2/project_2.gen/sources_1/bd/embsys/ipshared/f811/hdl/nexys4io_v3_0.v:4]
INFO: [Synth 8-6157] synthesizing module 'nexys4io_v3_0_S00_AXI' [d:/PSU/Winter_2024/544/P2/ClosedLoopPID-MicroBlazeAXI-FreeRTOS/Robert/project_2/project_2.gen/sources_1/bd/embsys/ipshared/f811/hdl/nexys4io_v3_0_S00_AXI.v:4]
INFO: [Synth 8-226] default block is never used [d:/PSU/Winter_2024/544/P2/ClosedLoopPID-MicroBlazeAXI-FreeRTOS/Robert/project_2/project_2.gen/sources_1/bd/embsys/ipshared/f811/hdl/nexys4io_v3_0_S00_AXI.v:273]
INFO: [Synth 8-226] default block is never used [d:/PSU/Winter_2024/544/P2/ClosedLoopPID-MicroBlazeAXI-FreeRTOS/Robert/project_2/project_2.gen/sources_1/bd/embsys/ipshared/f811/hdl/nexys4io_v3_0_S00_AXI.v:510]
INFO: [Synth 8-6157] synthesizing module 'debounce' [d:/PSU/Winter_2024/544/P2/ClosedLoopPID-MicroBlazeAXI-FreeRTOS/Robert/project_2/project_2.gen/sources_1/bd/embsys/ipshared/f811/src/debounce.v:24]
INFO: [Synth 8-155] case statement is not full and has no default [d:/PSU/Winter_2024/544/P2/ClosedLoopPID-MicroBlazeAXI-FreeRTOS/Robert/project_2/project_2.gen/sources_1/bd/embsys/ipshared/f811/src/debounce.v:102]
INFO: [Synth 8-155] case statement is not full and has no default [d:/PSU/Winter_2024/544/P2/ClosedLoopPID-MicroBlazeAXI-FreeRTOS/Robert/project_2/project_2.gen/sources_1/bd/embsys/ipshared/f811/src/debounce.v:103]
INFO: [Synth 8-155] case statement is not full and has no default [d:/PSU/Winter_2024/544/P2/ClosedLoopPID-MicroBlazeAXI-FreeRTOS/Robert/project_2/project_2.gen/sources_1/bd/embsys/ipshared/f811/src/debounce.v:104]
INFO: [Synth 8-155] case statement is not full and has no default [d:/PSU/Winter_2024/544/P2/ClosedLoopPID-MicroBlazeAXI-FreeRTOS/Robert/project_2/project_2.gen/sources_1/bd/embsys/ipshared/f811/src/debounce.v:105]
INFO: [Synth 8-155] case statement is not full and has no default [d:/PSU/Winter_2024/544/P2/ClosedLoopPID-MicroBlazeAXI-FreeRTOS/Robert/project_2/project_2.gen/sources_1/bd/embsys/ipshared/f811/src/debounce.v:106]
INFO: [Synth 8-155] case statement is not full and has no default [d:/PSU/Winter_2024/544/P2/ClosedLoopPID-MicroBlazeAXI-FreeRTOS/Robert/project_2/project_2.gen/sources_1/bd/embsys/ipshared/f811/src/debounce.v:107]
INFO: [Synth 8-155] case statement is not full and has no default [d:/PSU/Winter_2024/544/P2/ClosedLoopPID-MicroBlazeAXI-FreeRTOS/Robert/project_2/project_2.gen/sources_1/bd/embsys/ipshared/f811/src/debounce.v:110]
INFO: [Synth 8-155] case statement is not full and has no default [d:/PSU/Winter_2024/544/P2/ClosedLoopPID-MicroBlazeAXI-FreeRTOS/Robert/project_2/project_2.gen/sources_1/bd/embsys/ipshared/f811/src/debounce.v:111]
INFO: [Synth 8-155] case statement is not full and has no default [d:/PSU/Winter_2024/544/P2/ClosedLoopPID-MicroBlazeAXI-FreeRTOS/Robert/project_2/project_2.gen/sources_1/bd/embsys/ipshared/f811/src/debounce.v:112]
INFO: [Synth 8-155] case statement is not full and has no default [d:/PSU/Winter_2024/544/P2/ClosedLoopPID-MicroBlazeAXI-FreeRTOS/Robert/project_2/project_2.gen/sources_1/bd/embsys/ipshared/f811/src/debounce.v:113]
INFO: [Synth 8-155] case statement is not full and has no default [d:/PSU/Winter_2024/544/P2/ClosedLoopPID-MicroBlazeAXI-FreeRTOS/Robert/project_2/project_2.gen/sources_1/bd/embsys/ipshared/f811/src/debounce.v:114]
INFO: [Synth 8-155] case statement is not full and has no default [d:/PSU/Winter_2024/544/P2/ClosedLoopPID-MicroBlazeAXI-FreeRTOS/Robert/project_2/project_2.gen/sources_1/bd/embsys/ipshared/f811/src/debounce.v:115]
INFO: [Synth 8-155] case statement is not full and has no default [d:/PSU/Winter_2024/544/P2/ClosedLoopPID-MicroBlazeAXI-FreeRTOS/Robert/project_2/project_2.gen/sources_1/bd/embsys/ipshared/f811/src/debounce.v:116]
INFO: [Synth 8-155] case statement is not full and has no default [d:/PSU/Winter_2024/544/P2/ClosedLoopPID-MicroBlazeAXI-FreeRTOS/Robert/project_2/project_2.gen/sources_1/bd/embsys/ipshared/f811/src/debounce.v:117]
INFO: [Synth 8-155] case statement is not full and has no default [d:/PSU/Winter_2024/544/P2/ClosedLoopPID-MicroBlazeAXI-FreeRTOS/Robert/project_2/project_2.gen/sources_1/bd/embsys/ipshared/f811/src/debounce.v:118]
INFO: [Synth 8-155] case statement is not full and has no default [d:/PSU/Winter_2024/544/P2/ClosedLoopPID-MicroBlazeAXI-FreeRTOS/Robert/project_2/project_2.gen/sources_1/bd/embsys/ipshared/f811/src/debounce.v:119]
INFO: [Synth 8-155] case statement is not full and has no default [d:/PSU/Winter_2024/544/P2/ClosedLoopPID-MicroBlazeAXI-FreeRTOS/Robert/project_2/project_2.gen/sources_1/bd/embsys/ipshared/f811/src/debounce.v:120]
INFO: [Synth 8-155] case statement is not full and has no default [d:/PSU/Winter_2024/544/P2/ClosedLoopPID-MicroBlazeAXI-FreeRTOS/Robert/project_2/project_2.gen/sources_1/bd/embsys/ipshared/f811/src/debounce.v:121]
INFO: [Synth 8-155] case statement is not full and has no default [d:/PSU/Winter_2024/544/P2/ClosedLoopPID-MicroBlazeAXI-FreeRTOS/Robert/project_2/project_2.gen/sources_1/bd/embsys/ipshared/f811/src/debounce.v:122]
INFO: [Synth 8-155] case statement is not full and has no default [d:/PSU/Winter_2024/544/P2/ClosedLoopPID-MicroBlazeAXI-FreeRTOS/Robert/project_2/project_2.gen/sources_1/bd/embsys/ipshared/f811/src/debounce.v:123]
INFO: [Synth 8-155] case statement is not full and has no default [d:/PSU/Winter_2024/544/P2/ClosedLoopPID-MicroBlazeAXI-FreeRTOS/Robert/project_2/project_2.gen/sources_1/bd/embsys/ipshared/f811/src/debounce.v:124]
INFO: [Synth 8-155] case statement is not full and has no default [d:/PSU/Winter_2024/544/P2/ClosedLoopPID-MicroBlazeAXI-FreeRTOS/Robert/project_2/project_2.gen/sources_1/bd/embsys/ipshared/f811/src/debounce.v:125]
INFO: [Synth 8-6155] done synthesizing module 'debounce' (0#1) [d:/PSU/Winter_2024/544/P2/ClosedLoopPID-MicroBlazeAXI-FreeRTOS/Robert/project_2/project_2.gen/sources_1/bd/embsys/ipshared/f811/src/debounce.v:24]
INFO: [Synth 8-6157] synthesizing module 'sevensegment' [d:/PSU/Winter_2024/544/P2/ClosedLoopPID-MicroBlazeAXI-FreeRTOS/Robert/project_2/project_2.gen/sources_1/bd/embsys/ipshared/f811/src/sevensegment.v:35]
INFO: [Synth 8-6157] synthesizing module 'Digit' [d:/PSU/Winter_2024/544/P2/ClosedLoopPID-MicroBlazeAXI-FreeRTOS/Robert/project_2/project_2.gen/sources_1/bd/embsys/ipshared/f811/src/sevensegment.v:194]
INFO: [Synth 8-6155] done synthesizing module 'Digit' (0#1) [d:/PSU/Winter_2024/544/P2/ClosedLoopPID-MicroBlazeAXI-FreeRTOS/Robert/project_2/project_2.gen/sources_1/bd/embsys/ipshared/f811/src/sevensegment.v:194]
INFO: [Synth 8-6155] done synthesizing module 'sevensegment' (0#1) [d:/PSU/Winter_2024/544/P2/ClosedLoopPID-MicroBlazeAXI-FreeRTOS/Robert/project_2/project_2.gen/sources_1/bd/embsys/ipshared/f811/src/sevensegment.v:35]
INFO: [Synth 8-6157] synthesizing module 'rgbpwm' [d:/PSU/Winter_2024/544/P2/ClosedLoopPID-MicroBlazeAXI-FreeRTOS/Robert/project_2/project_2.gen/sources_1/bd/embsys/ipshared/f811/src/rgbpwm.v:62]
INFO: [Synth 8-6155] done synthesizing module 'rgbpwm' (0#1) [d:/PSU/Winter_2024/544/P2/ClosedLoopPID-MicroBlazeAXI-FreeRTOS/Robert/project_2/project_2.gen/sources_1/bd/embsys/ipshared/f811/src/rgbpwm.v:62]
INFO: [Synth 8-6155] done synthesizing module 'nexys4io_v3_0_S00_AXI' (0#1) [d:/PSU/Winter_2024/544/P2/ClosedLoopPID-MicroBlazeAXI-FreeRTOS/Robert/project_2/project_2.gen/sources_1/bd/embsys/ipshared/f811/hdl/nexys4io_v3_0_S00_AXI.v:4]
INFO: [Synth 8-6155] done synthesizing module 'nexys4io_v3_0' (0#1) [d:/PSU/Winter_2024/544/P2/ClosedLoopPID-MicroBlazeAXI-FreeRTOS/Robert/project_2/project_2.gen/sources_1/bd/embsys/ipshared/f811/hdl/nexys4io_v3_0.v:4]
INFO: [Synth 8-6155] done synthesizing module 'embsys_nexys4io_0_0' (0#1) [d:/PSU/Winter_2024/544/P2/ClosedLoopPID-MicroBlazeAXI-FreeRTOS/Robert/project_2/project_2.gen/sources_1/bd/embsys/ip/embsys_nexys4io_0_0/synth/embsys_nexys4io_0_0.v:53]
WARNING: [Synth 8-6014] Unused sequential element slv_reg0_reg was removed.  [d:/PSU/Winter_2024/544/P2/ClosedLoopPID-MicroBlazeAXI-FreeRTOS/Robert/project_2/project_2.gen/sources_1/bd/embsys/ipshared/f811/hdl/nexys4io_v3_0_S00_AXI.v:253]
WARNING: [Synth 8-7129] Port S_AXI_AWPROT[2] in module nexys4io_v3_0_S00_AXI is either unconnected or has no load
WARNING: [Synth 8-7129] Port S_AXI_AWPROT[1] in module nexys4io_v3_0_S00_AXI is either unconnected or has no load
WARNING: [Synth 8-7129] Port S_AXI_AWPROT[0] in module nexys4io_v3_0_S00_AXI is either unconnected or has no load
WARNING: [Synth 8-7129] Port S_AXI_ARPROT[2] in module nexys4io_v3_0_S00_AXI is either unconnected or has no load
WARNING: [Synth 8-7129] Port S_AXI_ARPROT[1] in module nexys4io_v3_0_S00_AXI is either unconnected or has no load
WARNING: [Synth 8-7129] Port S_AXI_ARPROT[0] in module nexys4io_v3_0_S00_AXI is either unconnected or has no load
---------------------------------------------------------------------------------
Finished RTL Elaboration : Time (s): cpu = 00:00:11 ; elapsed = 00:00:26 . Memory (MB): peak = 1917.922 ; gain = 508.414
---------------------------------------------------------------------------------
---------------------------------------------------------------------------------
Start Handling Custom Attributes
---------------------------------------------------------------------------------
---------------------------------------------------------------------------------
Finished Handling Custom Attributes : Time (s): cpu = 00:00:11 ; elapsed = 00:00:26 . Memory (MB): peak = 1917.922 ; gain = 508.414
---------------------------------------------------------------------------------
---------------------------------------------------------------------------------
Finished RTL Optimization Phase 1 : Time (s): cpu = 00:00:11 ; elapsed = 00:00:26 . Memory (MB): peak = 1917.922 ; gain = 508.414
---------------------------------------------------------------------------------
Netlist sorting complete. Time (s): cpu = 00:00:00 ; elapsed = 00:00:00.054 . Memory (MB): peak = 1917.922 ; gain = 0.000
INFO: [Project 1-570] Preparing netlist for logic optimization

Processing XDC Constraints
Initializing timing engine
Completed Processing XDC Constraints

Netlist sorting complete. Time (s): cpu = 00:00:00 ; elapsed = 00:00:00 . Memory (MB): peak = 1995.148 ; gain = 0.000
INFO: [Project 1-111] Unisim Transformation Summary:
No Unisim elements were transformed.

Constraint Validation Runtime : Time (s): cpu = 00:00:00 ; elapsed = 00:00:00.072 . Memory (MB): peak = 1995.152 ; gain = 0.004
INFO: [Designutils 20-5008] Incremental synthesis strategy off
INFO: [Synth 8-11241] undeclared symbol 'REGCCE', assumed default net type 'wire' [E:/Xilinx/Vivado/2022.2/data/verilog/src/unimacro/BRAM_SINGLE_MACRO.v:2170]
---------------------------------------------------------------------------------
Finished Constraint Validation : Time (s): cpu = 00:00:21 ; elapsed = 00:00:40 . Memory (MB): peak = 1995.152 ; gain = 585.645
---------------------------------------------------------------------------------
---------------------------------------------------------------------------------
Start Loading Part and Timing Information
---------------------------------------------------------------------------------
Loading part: xc7s50csga324-1
---------------------------------------------------------------------------------
Finished Loading Part and Timing Information : Time (s): cpu = 00:00:21 ; elapsed = 00:00:40 . Memory (MB): peak = 1995.152 ; gain = 585.645
---------------------------------------------------------------------------------
---------------------------------------------------------------------------------
Start Applying 'set_property' XDC Constraints
---------------------------------------------------------------------------------
---------------------------------------------------------------------------------
Finished applying 'set_property' XDC Constraints : Time (s): cpu = 00:00:21 ; elapsed = 00:00:40 . Memory (MB): peak = 1995.152 ; gain = 585.645
---------------------------------------------------------------------------------
INFO: [Synth 8-802] inferred FSM for state register 'an_reg' in module 'sevensegment'
---------------------------------------------------------------------------------------------------
                   State |                     New Encoding |                Previous Encoding 
---------------------------------------------------------------------------------------------------
                  digit1 |                              000 |                         11111110
                  digit2 |                              001 |                         11111101
                  digit3 |                              010 |                         11111011
                  digit4 |                              011 |                         11110111
                  digit5 |                              100 |                         11101111
                  digit6 |                              101 |                         11011111
                  digit7 |                              110 |                         10111111
                  digit8 |                              111 |                         01111111
---------------------------------------------------------------------------------------------------
INFO: [Synth 8-3354] encoded FSM with state register 'an_reg' using encoding 'sequential' in module 'sevensegment'
---------------------------------------------------------------------------------
Finished RTL Optimization Phase 2 : Time (s): cpu = 00:00:21 ; elapsed = 00:00:41 . Memory (MB): peak = 1995.152 ; gain = 585.645
---------------------------------------------------------------------------------
---------------------------------------------------------------------------------
Start RTL Component Statistics 
---------------------------------------------------------------------------------
Detailed RTL Component Info : 
+---Adders : 
	   2 Input   32 Bit       Adders := 1     
	   2 Input    9 Bit       Adders := 2     
+---Registers : 
	               32 Bit    Registers := 17    
	               16 Bit    Registers := 1     
	                9 Bit    Registers := 2     
	                8 Bit    Registers := 9     
	                6 Bit    Registers := 3     
	                4 Bit    Registers := 22    
	                2 Bit    Registers := 2     
	                1 Bit    Registers := 6     
+---Muxes : 
	   2 Input   32 Bit        Muxes := 15    
	  16 Input   32 Bit        Muxes := 15    
	   8 Input    8 Bit        Muxes := 2     
	   8 Input    3 Bit        Muxes := 1     
	   3 Input    1 Bit        Muxes := 22    
	   2 Input    1 Bit        Muxes := 5     
---------------------------------------------------------------------------------
Finished RTL Component Statistics 
---------------------------------------------------------------------------------
---------------------------------------------------------------------------------
Start Part Resource Summary
---------------------------------------------------------------------------------
Part Resources:
DSPs: 120 (col length:60)
BRAMs: 150 (col length: RAMB18 60 RAMB36 30)
---------------------------------------------------------------------------------
Finished Part Resource Summary
---------------------------------------------------------------------------------
---------------------------------------------------------------------------------
Start Cross Boundary and Area Optimization
---------------------------------------------------------------------------------
WARNING: [Synth 8-7080] Parallel synthesis criteria is not met
WARNING: [Synth 8-7129] Port S_AXI_AWPROT[2] in module nexys4io_v3_0_S00_AXI is either unconnected or has no load
WARNING: [Synth 8-7129] Port S_AXI_AWPROT[1] in module nexys4io_v3_0_S00_AXI is either unconnected or has no load
WARNING: [Synth 8-7129] Port S_AXI_AWPROT[0] in module nexys4io_v3_0_S00_AXI is either unconnected or has no load
WARNING: [Synth 8-7129] Port S_AXI_ARPROT[2] in module nexys4io_v3_0_S00_AXI is either unconnected or has no load
WARNING: [Synth 8-7129] Port S_AXI_ARPROT[1] in module nexys4io_v3_0_S00_AXI is either unconnected or has no load
WARNING: [Synth 8-7129] Port S_AXI_ARPROT[0] in module nexys4io_v3_0_S00_AXI is either unconnected or has no load
---------------------------------------------------------------------------------
Finished Cross Boundary and Area Optimization : Time (s): cpu = 00:00:29 ; elapsed = 00:00:50 . Memory (MB): peak = 1995.152 ; gain = 585.645
---------------------------------------------------------------------------------
---------------------------------------------------------------------------------
Start Applying XDC Timing Constraints
---------------------------------------------------------------------------------
---------------------------------------------------------------------------------
Finished Applying XDC Timing Constraints : Time (s): cpu = 00:00:36 ; elapsed = 00:00:58 . Memory (MB): peak = 1995.152 ; gain = 585.645
---------------------------------------------------------------------------------
---------------------------------------------------------------------------------
Start Timing Optimization
---------------------------------------------------------------------------------
---------------------------------------------------------------------------------
Finished Timing Optimization : Time (s): cpu = 00:00:36 ; elapsed = 00:00:58 . Memory (MB): peak = 1995.152 ; gain = 585.645
---------------------------------------------------------------------------------
---------------------------------------------------------------------------------
Start Technology Mapping
---------------------------------------------------------------------------------
---------------------------------------------------------------------------------
Finished Technology Mapping : Time (s): cpu = 00:00:36 ; elapsed = 00:00:59 . Memory (MB): peak = 1995.152 ; gain = 585.645
---------------------------------------------------------------------------------
---------------------------------------------------------------------------------
Start IO Insertion
---------------------------------------------------------------------------------
---------------------------------------------------------------------------------
Start Flattening Before IO Insertion
---------------------------------------------------------------------------------
---------------------------------------------------------------------------------
Finished Flattening Before IO Insertion
---------------------------------------------------------------------------------
---------------------------------------------------------------------------------
Start Final Netlist Cleanup
---------------------------------------------------------------------------------
---------------------------------------------------------------------------------
Finished Final Netlist Cleanup
---------------------------------------------------------------------------------
---------------------------------------------------------------------------------
Finished IO Insertion : Time (s): cpu = 00:00:39 ; elapsed = 00:01:05 . Memory (MB): peak = 1995.152 ; gain = 585.645
---------------------------------------------------------------------------------
---------------------------------------------------------------------------------
Start Renaming Generated Instances
---------------------------------------------------------------------------------
---------------------------------------------------------------------------------
Finished Renaming Generated Instances : Time (s): cpu = 00:00:39 ; elapsed = 00:01:05 . Memory (MB): peak = 1995.152 ; gain = 585.645
---------------------------------------------------------------------------------
---------------------------------------------------------------------------------
Start Rebuilding User Hierarchy
---------------------------------------------------------------------------------
---------------------------------------------------------------------------------
Finished Rebuilding User Hierarchy : Time (s): cpu = 00:00:39 ; elapsed = 00:01:05 . Memory (MB): peak = 1995.152 ; gain = 585.645
---------------------------------------------------------------------------------
---------------------------------------------------------------------------------
Start Renaming Generated Ports
---------------------------------------------------------------------------------
---------------------------------------------------------------------------------
Finished Renaming Generated Ports : Time (s): cpu = 00:00:39 ; elapsed = 00:01:05 . Memory (MB): peak = 1995.152 ; gain = 585.645
---------------------------------------------------------------------------------
---------------------------------------------------------------------------------
Start Handling Custom Attributes
---------------------------------------------------------------------------------
---------------------------------------------------------------------------------
Finished Handling Custom Attributes : Time (s): cpu = 00:00:39 ; elapsed = 00:01:05 . Memory (MB): peak = 1995.152 ; gain = 585.645
---------------------------------------------------------------------------------
---------------------------------------------------------------------------------
Start Renaming Generated Nets
---------------------------------------------------------------------------------
---------------------------------------------------------------------------------
Finished Renaming Generated Nets : Time (s): cpu = 00:00:39 ; elapsed = 00:01:05 . Memory (MB): peak = 1995.152 ; gain = 585.645
---------------------------------------------------------------------------------
---------------------------------------------------------------------------------
Start Writing Synthesis Report
---------------------------------------------------------------------------------

Report BlackBoxes: 
+-+--------------+----------+
| |BlackBox name |Instances |
+-+--------------+----------+
+-+--------------+----------+

Report Cell Usage: 
+------+-------+------+
|      |Cell   |Count |
+------+-------+------+
|1     |CARRY4 |    28|
|2     |LUT1   |    19|
|3     |LUT2   |    10|
|4     |LUT3   |    11|
|5     |LUT4   |    65|
|6     |LUT5   |    98|
|7     |LUT6   |   207|
|8     |MUXF7  |    72|
|9     |MUXF8  |    32|
|10    |FDRE   |   787|
|11    |FDSE   |     1|
+------+-------+------+
---------------------------------------------------------------------------------
Finished Writing Synthesis Report : Time (s): cpu = 00:00:39 ; elapsed = 00:01:05 . Memory (MB): peak = 1995.152 ; gain = 585.645
---------------------------------------------------------------------------------
Synthesis finished with 0 errors, 0 critical warnings and 7 warnings.
Synthesis Optimization Runtime : Time (s): cpu = 00:00:26 ; elapsed = 00:01:01 . Memory (MB): peak = 1995.152 ; gain = 508.414
Synthesis Optimization Complete : Time (s): cpu = 00:00:39 ; elapsed = 00:01:05 . Memory (MB): peak = 1995.152 ; gain = 585.645
INFO: [Project 1-571] Translating synthesized netlist
Netlist sorting complete. Time (s): cpu = 00:00:00 ; elapsed = 00:00:00.013 . Memory (MB): peak = 1995.152 ; gain = 0.000
INFO: [Netlist 29-17] Analyzing 132 Unisim elements for replacement
INFO: [Netlist 29-28] Unisim Transformation completed in 0 CPU seconds
INFO: [Project 1-570] Preparing netlist for logic optimization
INFO: [Opt 31-138] Pushed 0 inverter(s) to 0 load pin(s).
Netlist sorting complete. Time (s): cpu = 00:00:00 ; elapsed = 00:00:00 . Memory (MB): peak = 1995.152 ; gain = 0.000
INFO: [Project 1-111] Unisim Transformation Summary:
No Unisim elements were transformed.

Synth Design complete, checksum: 3c65f258
INFO: [Common 17-83] Releasing license: Synthesis
62 Infos, 16 Warnings, 0 Critical Warnings and 0 Errors encountered.
synth_design completed successfully
synth_design: Time (s): cpu = 00:00:43 ; elapsed = 00:01:16 . Memory (MB): peak = 1995.152 ; gain = 962.383
INFO: [Common 17-600] The following parameters have non-default value.
general.maxThreads
INFO: [Common 17-1381] The checkpoint 'D:/PSU/Winter_2024/544/P2/ClosedLoopPID-MicroBlazeAXI-FreeRTOS/Robert/project_2/project_2.runs/embsys_nexys4io_0_0_synth_1/embsys_nexys4io_0_0.dcp' has been generated.
INFO: [Coretcl 2-1648] Added synthesis output to IP cache for IP embsys_nexys4io_0_0, cache-ID = 8bfbfbaf69777905
INFO: [Coretcl 2-1174] Renamed 14 cell refs.
INFO: [Common 17-1381] The checkpoint 'D:/PSU/Winter_2024/544/P2/ClosedLoopPID-MicroBlazeAXI-FreeRTOS/Robert/project_2/project_2.runs/embsys_nexys4io_0_0_synth_1/embsys_nexys4io_0_0.dcp' has been generated.
INFO: [runtcl-4] Executing : report_utilization -file embsys_nexys4io_0_0_utilization_synth.rpt -pb embsys_nexys4io_0_0_utilization_synth.pb
INFO: [Common 17-206] Exiting Vivado at Thu Feb 22 12:55:24 2024...
